<?xml version="1.0" encoding="UTF-8"?>
<!-- Generated by org.testng.reporters.JUnitReportReporter -->
<testsuite hostname="DESKTOP-8T6288U" failures="0" tests="1" name="TestRunner.HomePageRunnerTest" time="57.462" errors="0" timestamp="2024-08-05T09:58:55 IST" skipped="0">
  <testcase classname="TestRunner.HomePageRunnerTest" name="runScenario" time="57.462"/>
  <system-out/>
</testsuite> <!-- TestRunner.HomePageRunnerTest -->
