<?xml version="1.0" encoding="UTF-8"?>
<!-- Generated by org.testng.reporters.JUnitReportReporter -->
<testsuite hostname="DESKTOP-8T6288U" failures="0" tests="3" name="TestRunner.AdminPageRunnerTest" time="89.391" errors="0" timestamp="2024-08-04T14:33:16 IST" skipped="0">
  <testcase classname="TestRunner.AdminPageRunnerTest" name="runScenario" time="75.568"/>
  <system-out/>
  <testcase classname="TestRunner.AdminPageRunnerTest" name="runScenario" time="13.335"/>
  <system-out/>
  <testcase classname="TestRunner.AdminPageRunnerTest" name="runScenario" time="0.488"/>
  <system-out/>
</testsuite> <!-- TestRunner.AdminPageRunnerTest -->
