<?xml version="1.0" encoding="UTF-8"?>
<!-- Generated by org.testng.reporters.JUnitReportReporter -->
<testsuite hostname="Praful" failures="0" tests="3" name="TestRunner.PIMPageRunnerTest" time="20.883" errors="0" timestamp="2024-07-03T08:46:49 IST" skipped="0">
  <testcase classname="TestRunner.PIMPageRunnerTest" name="runScenario" time="0.540"/>
  <system-out/>
  <testcase classname="TestRunner.PIMPageRunnerTest" name="runScenario" time="8.262"/>
  <system-out/>
  <testcase classname="TestRunner.PIMPageRunnerTest" name="runScenario" time="12.081"/>
  <system-out/>
</testsuite> <!-- TestRunner.PIMPageRunnerTest -->
