<?xml version="1.0" encoding="UTF-8"?>
<!-- Generated by org.testng.reporters.JUnitReportReporter -->
<testsuite hostname="Praful" failures="0" tests="3" name="TestRunner.AdminPageRunnerTest" time="23.941" errors="0" timestamp="2024-07-03T08:54:07 IST" skipped="0">
  <testcase classname="TestRunner.AdminPageRunnerTest" name="runScenario" time="0.560"/>
  <system-out/>
  <testcase classname="TestRunner.AdminPageRunnerTest" name="runScenario" time="10.588"/>
  <system-out/>
  <testcase classname="TestRunner.AdminPageRunnerTest" name="runScenario" time="12.793"/>
  <system-out/>
</testsuite> <!-- TestRunner.AdminPageRunnerTest -->
