<?xml version="1.0" encoding="UTF-8"?>
<!-- Generated by org.testng.reporters.JUnitReportReporter -->
<testsuite hostname="Praful" failures="0" tests="3" name="TestRunner.PIMPageRunnerTest" time="20.825" errors="0" timestamp="2024-07-03T08:54:07 IST" skipped="0">
  <testcase classname="TestRunner.PIMPageRunnerTest" name="runScenario" time="13.137"/>
  <system-out/>
  <testcase classname="TestRunner.PIMPageRunnerTest" name="runScenario" time="1.686"/>
  <system-out/>
  <testcase classname="TestRunner.PIMPageRunnerTest" name="runScenario" time="6.002"/>
  <system-out/>
</testsuite> <!-- TestRunner.PIMPageRunnerTest -->
